<?xml version="1.0" encoding="UTF-8"?>
<!-- Generated by org.testng.reporters.JUnitXMLReporter -->
<testsuite ignored="0" hostname="IN-PG01GE9Z" failures="0" tests="2" name="Default test" time="103.595" errors="0" timestamp="2024-12-09T18:48:09 EST">
  <testcase classname="testCases.submittedTicketPage" name="validatingUserIsAbleToFillDetailsAndSubmitInOrderGuideNextPage" time="42.002"/>
  <testcase classname="testCases.submittedTicketPage" name="validatingUserIsAbleToFillDetailsAndSubmitInOrderGuideNextPage" time="45.59"/>
</testsuite> <!-- Default test -->
