<?xml version="1.0" encoding="UTF-8"?>
<!-- Generated by org.testng.reporters.JUnitXMLReporter -->
<testsuite ignored="1" hostname="IN-PG01GE9Z" failures="0" tests="2" name="Test Demo" time="0.095" errors="0" timestamp="2024-06-26T23:31:35 EDT">
  <testcase classname="TestNGAnnotations.SeleniumTestNG" name="verifyTest1" time="0.014"/>
  <testcase classname="TestNGAnnotations.SeleniumTestNG" name="verifyTest3" time="0.002"/>
  <testcase classname="TestNGAnnotations.SeleniumTestNG" name="verifyTest2" time="0.0">
    <ignored/>
  </testcase> <!-- verifyTest2 -->
</testsuite> <!-- Test Demo -->
