<?xml version="1.0" encoding="UTF-8"?>
<testng-results ignored="0" total="2" passed="2" failed="0" skipped="0">
  <reporter-output>
  </reporter-output>
  <suite started-at="2024-12-09T18:46:25 EST" name="Default suite" finished-at="2024-12-09T18:48:09 EST" duration-ms="103595">
    <groups>
    </groups>
    <test started-at="2024-12-09T18:46:25 EST" name="Default test" finished-at="2024-12-09T18:48:09 EST" duration-ms="103595">
      <class name="testCases.submittedTicketPage">
        <test-method is-config="true" signature="setUp()[pri:0, instance:testCases.submittedTicketPage@2c1b194a]" started-at="2024-12-09T18:46:26 EST" name="setUp" finished-at="2024-12-09T18:46:34 EST" duration-ms="7924" status="PASS">
          <reporter-output>
          </reporter-output>
        </test-method> <!-- setUp -->
        <test-method signature="validatingUserIsAbleToFillDetailsAndSubmitInOrderGuideNextPage(java.lang.String)[pri:0, instance:testCases.submittedTicketPage@2c1b194a]" started-at="2024-12-09T18:46:34 EST" name="validatingUserIsAbleToFillDetailsAndSubmitInOrderGuideNextPage" data-provider="excelData" finished-at="2024-12-09T18:47:16 EST" duration-ms="42002" status="PASS">
          <params>
            <param index="0">
              <value>
                <![CDATA[Conduct a site health check]]>
              </value>
            </param>
          </params>
          <reporter-output>
          </reporter-output>
        </test-method> <!-- validatingUserIsAbleToFillDetailsAndSubmitInOrderGuideNextPage -->
        <test-method is-config="true" signature="setUp()[pri:0, instance:testCases.submittedTicketPage@2c1b194a]" started-at="2024-12-09T18:47:16 EST" name="setUp" finished-at="2024-12-09T18:47:23 EST" duration-ms="7145" status="PASS">
          <reporter-output>
          </reporter-output>
        </test-method> <!-- setUp -->
        <test-method signature="validatingUserIsAbleToFillDetailsAndSubmitInOrderGuideNextPage(java.lang.String)[pri:0, instance:testCases.submittedTicketPage@2c1b194a]" started-at="2024-12-09T18:47:23 EST" name="validatingUserIsAbleToFillDetailsAndSubmitInOrderGuideNextPage" data-provider="excelData" finished-at="2024-12-09T18:48:09 EST" duration-ms="45590" status="PASS">
          <params>
            <param index="0">
              <value>
                <![CDATA[Admin Network Down]]>
              </value>
            </param>
          </params>
          <reporter-output>
          </reporter-output>
        </test-method> <!-- validatingUserIsAbleToFillDetailsAndSubmitInOrderGuideNextPage -->
      </class> <!-- testCases.submittedTicketPage -->
    </test> <!-- Default test -->
  </suite> <!-- Default suite -->
</testng-results>
