<?xml version="1.0" encoding="UTF-8"?>
<!-- Generated by org.testng.reporters.JUnitXMLReporter -->
<testsuite ignored="0" hostname="IN-PG01GE9Z" failures="0" tests="3" name="test demo2" time="0.132" errors="0" timestamp="2024-07-04T23:25:36 EDT">
  <testcase classname="TestNGAnnotations.SeleniumTestNG3" name="OpenBrowser" time="0.013"/>
  <testcase classname="TestNGAnnotations.SeleniumTestNG3" name="SignIn" time="0.003"/>
  <testcase classname="TestNGAnnotations.SeleniumTestNG3" name="LogOut" time="0.004"/>
</testsuite> <!-- test demo2 -->
